# JRE version: OpenJDK Runtime Environment (8.0_152-b01) (build 1.8.0_152-release-1343-b01)
# Java VM: OpenJDK 64-Bit Server VM (25.152-b01 mixed mode windows-amd64 compressed oops)
Heap:
 PSYoungGen      total 391680K, used 171045K [0x00000000e0000000, 0x00000000fb680000, 0x0000000100000000)
  eden space 336896K, 46% used [0x00000000e0000000,0x00000000e991d020,0x00000000f4900000)
  from space 54784K, 26% used [0x00000000f7d00000,0x00000000f8aec430,0x00000000fb280000)
  to   space 53248K, 0% used [0x00000000f4900000,0x00000000f4900000,0x00000000f7d00000)
 ParOldGen       total 190976K, used 143988K [0x00000000a0000000, 0x00000000aba80000, 0x00000000e0000000)
  object space 190976K, 75% used [0x00000000a0000000,0x00000000a8c9d038,0x00000000aba80000)
 Metaspace       used 103509K, capacity 109214K, committed 109464K, reserved 1144832K
  class space    used 12886K, capacity 13866K, committed 13992K, reserved 1048576K
GC Heap History (10 events):
Event: 3630.571 GC heap before
{Heap before GC invocations=28 (full 4):
 PSYoungGen      total 265216K, used 220067K [0x00000000e0000000, 0x00000000f6e80000, 0x0000000100000000)
  eden space 202752K, 100% used [0x00000000e0000000,0x00000000ec600000,0x00000000ec600000)
  from space 62464K, 27% used [0x00000000ec600000,0x00000000ed6e8d10,0x00000000f0300000)
  to   space 60928K, 0% used [0x00000000f3300000,0x00000000f3300000,0x00000000f6e80000)
 ParOldGen       total 190976K, used 109379K [0x00000000a0000000, 0x00000000aba80000, 0x00000000e0000000)
  object space 190976K, 57% used [0x00000000a0000000,0x00000000a6ad0fc8,0x00000000aba80000)
 Metaspace       used 97242K, capacity 102236K, committed 102424K, reserved 1138688K
  class space    used 12404K, capacity 13290K, committed 13352K, reserved 1048576K
Event: 3630.618 GC heap after
Heap after GC invocations=28 (full 4):
 PSYoungGen      total 315392K, used 12788K [0x00000000e0000000, 0x00000000f6f00000, 0x0000000100000000)
  eden space 254464K, 0% used [0x00000000e0000000,0x00000000e0000000,0x00000000ef880000)
  from space 60928K, 20% used [0x00000000f3300000,0x00000000f3f7d2f0,0x00000000f6e80000)
  to   space 59904K, 0% used [0x00000000ef880000,0x00000000ef880000,0x00000000f3300000)
 ParOldGen       total 190976K, used 121736K [0x00000000a0000000, 0x00000000aba80000, 0x00000000e0000000)
  object space 190976K, 63% used [0x00000000a0000000,0x00000000a76e20e0,0x00000000aba80000)
 Metaspace       used 97242K, capacity 102236K, committed 102424K, reserved 1138688K
  class space    used 12404K, capacity 13290K, committed 13352K, reserved 1048576K
}
Event: 4045.532 GC heap before
{Heap before GC invocations=29 (full 4):
 PSYoungGen      total 315392K, used 267252K [0x00000000e0000000, 0x00000000f6f00000, 0x0000000100000000)
  eden space 254464K, 100% used [0x00000000e0000000,0x00000000ef880000,0x00000000ef880000)
  from space 60928K, 20% used [0x00000000f3300000,0x00000000f3f7d2f0,0x00000000f6e80000)
  to   space 59904K, 0% used [0x00000000ef880000,0x00000000ef880000,0x00000000f3300000)
 ParOldGen       total 190976K, used 121736K [0x00000000a0000000, 0x00000000aba80000, 0x00000000e0000000)
  object space 190976K, 63% used [0x00000000a0000000,0x00000000a76e20e0,0x00000000aba80000)
 Metaspace       used 98403K, capacity 103730K, committed 104088K, reserved 1140736K
  class space    used 12488K, capacity 13398K, committed 13480K, reserved 1048576K
Event: 4045.562 GC heap after
Heap after GC invocations=29 (full 4):
 PSYoungGen      total 314368K, used 16805K [0x00000000e0000000, 0x00000000f9680000, 0x0000000100000000)
  eden space 254464K, 0% used [0x00000000e0000000,0x00000000e0000000,0x00000000ef880000)
  from space 59904K, 28% used [0x00000000ef880000,0x00000000f08e97c0,0x00000000f3300000)
  to   space 58368K, 0% used [0x00000000f5d80000,0x00000000f5d80000,0x00000000f9680000)
 ParOldGen       total 190976K, used 132568K [0x00000000a0000000, 0x00000000aba80000, 0x00000000e0000000)
  object space 190976K, 69% used [0x00000000a0000000,0x00000000a8176140,0x00000000aba80000)
 Metaspace       used 98403K, capacity 103730K, committed 104088K, reserved 1140736K
  class space    used 12488K, capacity 13398K, committed 13480K, reserved 1048576K
}
Event: 4532.712 GC heap before
{Heap before GC invocations=30 (full 4):
 PSYoungGen      total 314368K, used 271269K [0x00000000e0000000, 0x00000000f9680000, 0x0000000100000000)
  eden space 254464K, 100% used [0x00000000e0000000,0x00000000ef880000,0x00000000ef880000)
  from space 59904K, 28% used [0x00000000ef880000,0x00000000f08e97c0,0x00000000f3300000)
  to   space 58368K, 0% used [0x00000000f5d80000,0x00000000f5d80000,0x00000000f9680000)
 ParOldGen       total 190976K, used 132568K [0x00000000a0000000, 0x00000000aba80000, 0x00000000e0000000)
  object space 190976K, 69% used [0x00000000a0000000,0x00000000a8176140,0x00000000aba80000)
 Metaspace       used 99857K, capacity 105170K, committed 105496K, reserved 1140736K
  class space    used 12602K, capacity 13518K, committed 13608K, reserved 1048576K
Event: 4532.733 GC heap after
Heap after GC invocations=30 (full 4):
 PSYoungGen      total 340480K, used 22149K [0x00000000e0000000, 0x00000000f8b00000, 0x0000000100000000)
  eden space 293888K, 0% used [0x00000000e0000000,0x00000000e0000000,0x00000000f1f00000)
  from space 46592K, 47% used [0x00000000f5d80000,0x00000000f73217d0,0x00000000f8b00000)
  to   space 55296K, 0% used [0x00000000f1f00000,0x00000000f1f00000,0x00000000f5500000)
 ParOldGen       total 190976K, used 134488K [0x00000000a0000000, 0x00000000aba80000, 0x00000000e0000000)
  object space 190976K, 70% used [0x00000000a0000000,0x00000000a83561b0,0x00000000aba80000)
 Metaspace       used 99857K, capacity 105170K, committed 105496K, reserved 1140736K
  class space    used 12602K, capacity 13518K, committed 13608K, reserved 1048576K
}
Event: 4546.921 GC heap before
{Heap before GC invocations=31 (full 4):
 PSYoungGen      total 340480K, used 316037K [0x00000000e0000000, 0x00000000f8b00000, 0x0000000100000000)
  eden space 293888K, 100% used [0x00000000e0000000,0x00000000f1f00000,0x00000000f1f00000)
  from space 46592K, 47% used [0x00000000f5d80000,0x00000000f73217d0,0x00000000f8b00000)
  to   space 55296K, 0% used [0x00000000f1f00000,0x00000000f1f00000,0x00000000f5500000)
 ParOldGen       total 190976K, used 134496K [0x00000000a0000000, 0x00000000aba80000, 0x00000000e0000000)
  object space 190976K, 70% used [0x00000000a0000000,0x00000000a83581c0,0x00000000aba80000)
 Metaspace       used 102174K, capacity 107718K, committed 107800K, reserved 1142784K
  class space    used 12839K, capacity 13814K, committed 13864K, reserved 1048576K
Event: 4546.964 GC heap after
Heap after GC invocations=31 (full 4):
 PSYoungGen      total 349184K, used 10462K [0x00000000e0000000, 0x00000000fb280000, 0x0000000100000000)
  eden space 293888K, 0% used [0x00000000e0000000,0x00000000e0000000,0x00000000f1f00000)
  from space 55296K, 18% used [0x00000000f1f00000,0x00000000f29379c8,0x00000000f5500000)
  to   space 54784K, 0% used [0x00000000f7d00000,0x00000000f7d00000,0x00000000fb280000)
 ParOldGen       total 190976K, used 143977K [0x00000000a0000000, 0x00000000aba80000, 0x00000000e0000000)
  object space 190976K, 75% used [0x00000000a0000000,0x00000000a8c9a7d0,0x00000000aba80000)
 Metaspace       used 102174K, capacity 107718K, committed 107800K, reserved 1142784K
  class space    used 12839K, capacity 13814K, committed 13864K, reserved 1048576K
}
Event: 4548.952 GC heap before
{Heap before GC invocations=32 (full 4):
 PSYoungGen      total 349184K, used 304350K [0x00000000e0000000, 0x00000000fb280000, 0x0000000100000000)
  eden space 293888K, 100% used [0x00000000e0000000,0x00000000f1f00000,0x00000000f1f00000)
  from space 55296K, 18% used [0x00000000f1f00000,0x00000000f29379c8,0x00000000f5500000)
  to   space 54784K, 0% used [0x00000000f7d00000,0x00000000f7d00000,0x00000000fb280000)
 ParOldGen       total 190976K, used 143980K [0x00000000a0000000, 0x00000000aba80000, 0x00000000e0000000)
  object space 190976K, 75% used [0x00000000a0000000,0x00000000a8c9b038,0x00000000aba80000)
 Metaspace       used 103138K, capacity 108786K, committed 108824K, reserved 1144832K
  class space    used 12880K, capacity 13864K, committed 13864K, reserved 1048576K
Event: 4548.993 GC heap after
Heap after GC invocations=32 (full 4):
 PSYoungGen      total 391680K, used 14257K [0x00000000e0000000, 0x00000000fb680000, 0x0000000100000000)
  eden space 336896K, 0% used [0x00000000e0000000,0x00000000e0000000,0x00000000f4900000)
  from space 54784K, 26% used [0x00000000f7d00000,0x00000000f8aec430,0x00000000fb280000)
  to   space 53248K, 0% used [0x00000000f4900000,0x00000000f4900000,0x00000000f7d00000)
 ParOldGen       total 190976K, used 143988K [0x00000000a0000000, 0x00000000aba80000, 0x00000000e0000000)
  object space 190976K, 75% used [0x00000000a0000000,0x00000000a8c9d038,0x00000000aba80000)
 Metaspace       used 103138K, capacity 108786K, committed 108824K, reserved 1144832K
  class space    used 12880K, capacity 13864K, committed 13864K, reserved 1048576K
}

