# JRE version: OpenJDK Runtime Environment (8.0_152-b01) (build 1.8.0_152-release-1343-b01)
# Java VM: OpenJDK 64-Bit Server VM (25.152-b01 mixed mode windows-amd64 compressed oops)
Heap:
 PSYoungGen      total 444416K, used 357966K [0x00000000e0000000, 0x00000000feb80000, 0x0000000100000000)
  eden space 422912K, 79% used [0x00000000e0000000,0x00000000f48a59c8,0x00000000f9d00000)
  from space 21504K, 99% used [0x00000000fd680000,0x00000000feb6de38,0x00000000feb80000)
  to   space 38400K, 0% used [0x00000000fa080000,0x00000000fa080000,0x00000000fc600000)
 ParOldGen       total 197120K, used 102686K [0x00000000a0000000, 0x00000000ac080000, 0x00000000e0000000)
  object space 197120K, 52% used [0x00000000a0000000,0x00000000a6447ac8,0x00000000ac080000)
 Metaspace       used 112561K, capacity 120942K, committed 121112K, reserved 1155072K
  class space    used 13769K, capacity 15287K, committed 15400K, reserved 1048576K
GC Heap History (10 events):
Event: 5167.369 GC heap before
{Heap before GC invocations=32 (full 4):
 PSYoungGen      total 436736K, used 417891K [0x00000000e0000000, 0x0000000100000000, 0x0000000100000000)
  eden space 393728K, 100% used [0x00000000e0000000,0x00000000f8080000,0x00000000f8080000)
  from space 43008K, 56% used [0x00000000f8080000,0x00000000f9818fe8,0x00000000faa80000)
  to   space 41984K, 0% used [0x00000000fd700000,0x00000000fd700000,0x0000000100000000)
 ParOldGen       total 197120K, used 102646K [0x00000000a0000000, 0x00000000ac080000, 0x00000000e0000000)
  object space 197120K, 52% used [0x00000000a0000000,0x00000000a643dac8,0x00000000ac080000)
 Metaspace       used 107532K, capacity 113996K, committed 114328K, reserved 1148928K
  class space    used 13210K, capacity 14418K, committed 14504K, reserved 1048576K
Event: 5167.383 GC heap after
Heap after GC invocations=32 (full 4):
 PSYoungGen      total 467968K, used 9356K [0x00000000e0000000, 0x00000000ff900000, 0x0000000100000000)
  eden space 433152K, 0% used [0x00000000e0000000,0x00000000e0000000,0x00000000fa700000)
  from space 34816K, 26% used [0x00000000fd700000,0x00000000fe023058,0x00000000ff900000)
  to   space 41984K, 0% used [0x00000000fa700000,0x00000000fa700000,0x00000000fd000000)
 ParOldGen       total 197120K, used 102654K [0x00000000a0000000, 0x00000000ac080000, 0x00000000e0000000)
  object space 197120K, 52% used [0x00000000a0000000,0x00000000a643fac8,0x00000000ac080000)
 Metaspace       used 107532K, capacity 113996K, committed 114328K, reserved 1148928K
  class space    used 13210K, capacity 14418K, committed 14504K, reserved 1048576K
}
Event: 5251.201 GC heap before
{Heap before GC invocations=33 (full 4):
 PSYoungGen      total 467968K, used 442098K [0x00000000e0000000, 0x00000000ff900000, 0x0000000100000000)
  eden space 433152K, 99% used [0x00000000e0000000,0x00000000fa699a10,0x00000000fa700000)
  from space 34816K, 26% used [0x00000000fd700000,0x00000000fe023058,0x00000000ff900000)
  to   space 41984K, 0% used [0x00000000fa700000,0x00000000fa700000,0x00000000fd000000)
 ParOldGen       total 197120K, used 102654K [0x00000000a0000000, 0x00000000ac080000, 0x00000000e0000000)
  object space 197120K, 52% used [0x00000000a0000000,0x00000000a643fac8,0x00000000ac080000)
 Metaspace       used 108781K, capacity 115638K, committed 115864K, reserved 1150976K
  class space    used 13337K, capacity 14637K, committed 14760K, reserved 1048576K
Event: 5251.222 GC heap after
Heap after GC invocations=33 (full 4):
 PSYoungGen      total 475136K, used 25966K [0x00000000e0000000, 0x0000000100000000, 0x0000000100000000)
  eden space 433152K, 0% used [0x00000000e0000000,0x00000000e0000000,0x00000000fa700000)
  from space 41984K, 61% used [0x00000000fa700000,0x00000000fc05bb48,0x00000000fd000000)
  to   space 41984K, 0% used [0x00000000fd700000,0x00000000fd700000,0x0000000100000000)
 ParOldGen       total 197120K, used 102662K [0x00000000a0000000, 0x00000000ac080000, 0x00000000e0000000)
  object space 197120K, 52% used [0x00000000a0000000,0x00000000a6441ac8,0x00000000ac080000)
 Metaspace       used 108781K, capacity 115638K, committed 115864K, reserved 1150976K
  class space    used 13337K, capacity 14637K, committed 14760K, reserved 1048576K
}
Event: 6985.036 GC heap before
{Heap before GC invocations=34 (full 4):
 PSYoungGen      total 475136K, used 459118K [0x00000000e0000000, 0x0000000100000000, 0x0000000100000000)
  eden space 433152K, 100% used [0x00000000e0000000,0x00000000fa700000,0x00000000fa700000)
  from space 41984K, 61% used [0x00000000fa700000,0x00000000fc05bb48,0x00000000fd000000)
  to   space 41984K, 0% used [0x00000000fd700000,0x00000000fd700000,0x0000000100000000)
 ParOldGen       total 197120K, used 102662K [0x00000000a0000000, 0x00000000ac080000, 0x00000000e0000000)
  object space 197120K, 52% used [0x00000000a0000000,0x00000000a6441ac8,0x00000000ac080000)
 Metaspace       used 110011K, capacity 117002K, committed 117272K, reserved 1150976K
  class space    used 13470K, capacity 14806K, committed 14888K, reserved 1048576K
Event: 6985.060 GC heap after
Heap after GC invocations=34 (full 4):
 PSYoungGen      total 481280K, used 25325K [0x00000000e0000000, 0x00000000fff00000, 0x0000000100000000)
  eden space 440320K, 0% used [0x00000000e0000000,0x00000000e0000000,0x00000000fae00000)
  from space 40960K, 61% used [0x00000000fd700000,0x00000000fefbb7d8,0x00000000fff00000)
  to   space 41472K, 0% used [0x00000000fae00000,0x00000000fae00000,0x00000000fd680000)
 ParOldGen       total 197120K, used 102670K [0x00000000a0000000, 0x00000000ac080000, 0x00000000e0000000)
  object space 197120K, 52% used [0x00000000a0000000,0x00000000a6443ac8,0x00000000ac080000)
 Metaspace       used 110011K, capacity 117002K, committed 117272K, reserved 1150976K
  class space    used 13470K, capacity 14806K, committed 14888K, reserved 1048576K
}
Event: 7578.573 GC heap before
{Heap before GC invocations=35 (full 4):
 PSYoungGen      total 481280K, used 465645K [0x00000000e0000000, 0x00000000fff00000, 0x0000000100000000)
  eden space 440320K, 100% used [0x00000000e0000000,0x00000000fae00000,0x00000000fae00000)
  from space 40960K, 61% used [0x00000000fd700000,0x00000000fefbb7d8,0x00000000fff00000)
  to   space 41472K, 0% used [0x00000000fae00000,0x00000000fae00000,0x00000000fd680000)
 ParOldGen       total 197120K, used 102670K [0x00000000a0000000, 0x00000000ac080000, 0x00000000e0000000)
  object space 197120K, 52% used [0x00000000a0000000,0x00000000a6443ac8,0x00000000ac080000)
 Metaspace       used 111036K, capacity 118182K, committed 118424K, reserved 1153024K
  class space    used 13551K, capacity 14918K, committed 15016K, reserved 1048576K
Event: 7578.592 GC heap after
Heap after GC invocations=35 (full 4):
 PSYoungGen      total 481792K, used 19156K [0x00000000e0000000, 0x00000000ffd80000, 0x0000000100000000)
  eden space 440320K, 0% used [0x00000000e0000000,0x00000000e0000000,0x00000000fae00000)
  from space 41472K, 46% used [0x00000000fae00000,0x00000000fc0b5238,0x00000000fd680000)
  to   space 39936K, 0% used [0x00000000fd680000,0x00000000fd680000,0x00000000ffd80000)
 ParOldGen       total 197120K, used 102678K [0x00000000a0000000, 0x00000000ac080000, 0x00000000e0000000)
  object space 197120K, 52% used [0x00000000a0000000,0x00000000a6445ac8,0x00000000ac080000)
 Metaspace       used 111036K, capacity 118182K, committed 118424K, reserved 1153024K
  class space    used 13551K, capacity 14918K, committed 15016K, reserved 1048576K
}
Event: 7806.282 GC heap before
{Heap before GC invocations=36 (full 4):
 PSYoungGen      total 481792K, used 459476K [0x00000000e0000000, 0x00000000ffd80000, 0x0000000100000000)
  eden space 440320K, 100% used [0x00000000e0000000,0x00000000fae00000,0x00000000fae00000)
  from space 41472K, 46% used [0x00000000fae00000,0x00000000fc0b5238,0x00000000fd680000)
  to   space 39936K, 0% used [0x00000000fd680000,0x00000000fd680000,0x00000000ffd80000)
 ParOldGen       total 197120K, used 102678K [0x00000000a0000000, 0x00000000ac080000, 0x00000000e0000000)
  object space 197120K, 52% used [0x00000000a0000000,0x00000000a6445ac8,0x00000000ac080000)
 Metaspace       used 111881K, capacity 119184K, committed 119320K, reserved 1153024K
  class space    used 13626K, capacity 15026K, committed 15144K, reserved 1048576K
Event: 7806.300 GC heap after
Heap after GC invocations=36 (full 4):
 PSYoungGen      total 444416K, used 21431K [0x00000000e0000000, 0x00000000feb80000, 0x0000000100000000)
  eden space 422912K, 0% used [0x00000000e0000000,0x00000000e0000000,0x00000000f9d00000)
  from space 21504K, 99% used [0x00000000fd680000,0x00000000feb6de38,0x00000000feb80000)
  to   space 38400K, 0% used [0x00000000fa080000,0x00000000fa080000,0x00000000fc600000)
 ParOldGen       total 197120K, used 102686K [0x00000000a0000000, 0x00000000ac080000, 0x00000000e0000000)
  object space 197120K, 52% used [0x00000000a0000000,0x00000000a6447ac8,0x00000000ac080000)
 Metaspace       used 111881K, capacity 119184K, committed 119320K, reserved 1153024K
  class space    used 13626K, capacity 15026K, committed 15144K, reserved 1048576K
}

